MakeInDictDA.perl
F(　) = 354
F(、) = 857
F(。) = 652
F(，) = 55
F(．) = 50
F(・) = 109
F(：) = 20
F(？) = 30
F(！) = 24
F(〇) = 2
F(―) = 12
F(‐) = 23
F(／) = 8
F(〜) = 13
F(…) = 5
F(（) = 104
F(）) = 109
F(《) = 4
F(》) = 5
F(「) = 156
F(」) = 157
F(『) = 9
F(』) = 9
F(＝) = 6
F(％) = 42
F(＆) = 2
F(●) = 4
F(◆) = 4
F(■) = 7
F(■■) = 13
F(←) = 2
F(０) = 36
F(１) = 53
F(１日) = 2
F(２) = 46
F(２人) = 2
F(３) = 26
F(４) = 17
F(５) = 22
F(６) = 25
F(７) = 12
F(８) = 9
F(９) = 13
F(Ａ) = 4
F(Ｂ) = 2
F(Ｂｏｄｙ) = 6
F(Ｃｏｎｔｅｎｔ) = 8
F(ＩＣＯＣ) = 2
F(ＩＴ) = 2
F(Ｊ) = 2
F(ＪＲ) = 3
F(ＮＨＫ) = 2
F(Ｒ) = 3
F(ＳＷＥＤＥＮ) = 2
F(ＵＲ) = 2
F(Ｘ) = 2
F(ＸＰ) = 2
F(ＸＲ) = 2
F(Ｙａｈｏｏ) = 2
F(ｂｏｄｙ) = 2
F(ｂｙ) = 2
F(ｃｏ) = 2
F(ｇｅｔ) = 2
F(ｊｐ) = 2
F(ｋＨｚ) = 3
F(ｓｅｔ) = 4
F(ｙａｈｏｏ) = 2
F(あ) = 111
F(あくまで) = 2
F(あげ) = 2
F(あご伯父) = 3
F(あた) = 3
F(あたり) = 2
F(あと) = 2
F(あなた) = 7
F(あの) = 2
F(あらためて) = 2
F(ある) = 3
F(あるいは) = 2
F(い) = 646
F(いかに) = 2
F(いずれ) = 3
F(いつ) = 4
F(いま) = 4
F(う) = 162
F(うえ) = 2
F(うかが) = 2
F(うち) = 13
F(うま) = 3
F(え) = 10
F(お) = 72
F(おいし) = 2
F(か) = 100
F(かか) = 3
F(かかわ) = 3
F(かけ) = 8
F(かっ) = 28
F(かつて) = 3
F(かなり) = 4
F(かね) = 2
F(から) = 101
F(かわい) = 2
F(かんじ) = 2
F(が) = 474
F(がた) = 4
F(き) = 44
F(く) = 85
F(くださ) = 9
F(くらい) = 9
F(くる) = 8
F(くれ) = 15
F(ぐ) = 3
F(ぐらい) = 2
F(け) = 8
F(けど) = 7
F(けれ) = 5
F(けれど) = 2
F(けんもほろろ) = 2
F(こう) = 9
F(ここ) = 3
F(こそ) = 5
F(こだわ) = 2
F(こちら) = 2
F(こと) = 84
F(この) = 36
F(これ) = 21
F(ころ) = 4
F(こんな) = 6
F(ご) = 2
F(ござ) = 3
F(ごと) = 3
F(さ) = 71
F(さえ) = 4
F(させ) = 2
F(さらに) = 6
F(さん) = 28
F(ざる) = 4
F(し) = 379
F(しか) = 6
F(しかし) = 8
F(したが) = 5
F(しま) = 11
F(しょ) = 8
F(しれ) = 7
F(じ) = 10
F(じゃ) = 3
F(す) = 159
F(すぎ) = 4
F(すぐ) = 3
F(すなわち) = 2
F(すべて) = 10
F(する) = 113
F(すれ) = 4
F(ず) = 21
F(せ) = 36
F(せい) = 2
F(そ) = 2
F(そう) = 33
F(そこ) = 6
F(そして) = 13
F(そそ) = 3
F(その) = 34
F(そもそも) = 3
F(そりゃ) = 2
F(それ) = 37
F(それぞれ) = 2
F(そんな) = 3
F(た) = 439
F(たくさん) = 4
F(ただ) = 6
F(たち) = 22
F(たった) = 2
F(たとえ) = 2
F(たとえば) = 3
F(ため) = 24
F(たり) = 9
F(だ) = 99
F(だけ) = 26
F(だっ) = 21
F(だれ) = 2
F(ち) = 4
F(ちゃ) = 2
F(ちょっと) = 4
F(っ) = 242
F(って) = 13
F(っと) = 2
F(つ) = 41
F(ついに) = 2
F(つく) = 2
F(つけ) = 3
F(つつ) = 3
F(つとに) = 2
F(つまり) = 2
F(つもり) = 2
F(て) = 499
F(で) = 446
F(でき) = 24
F(と) = 397
F(とう) = 4
F(とおり) = 2
F(とき) = 7
F(ところ) = 15
F(とても) = 3
F(とびひ) = 2
F(とも) = 8
F(とれ) = 2
F(どう) = 13
F(どおり) = 3
F(どこ) = 4
F(どちら) = 3
F(どの) = 3
F(どんな) = 2
F(な) = 359
F(な〜) = 2
F(なかなか) = 3
F(ながら) = 6
F(なし) = 3
F(なぜ) = 3
F(など) = 48
F(なに) = 2
F(なら) = 7
F(なん) = 8
F(なんて) = 2
F(に) = 625
F(にわとり) = 4
F(ぬ) = 4
F(ね) = 12
F(ねぇ) = 3
F(の) = 920
F(のみ) = 4
F(は) = 508
F(はじめ) = 3
F(はず) = 5
F(はるか) = 4
F(ば) = 39
F(ばかり) = 3
F(ひと) = 2
F(ひね) = 2
F(び) = 2
F(びー助) = 2
F(ふう) = 3
F(ぶ) = 2
F(ぶり) = 3
F(へ) = 27
F(べ) = 4
F(ほか) = 8
F(ほとんど) = 4
F(ほど) = 9
F(ほぼ) = 4
F(ぼく) = 4
F(ま) = 113
F(まず) = 3
F(また) = 15
F(まだ) = 6
F(まで) = 32
F(まとま) = 2
F(まとめ) = 2
F(み) = 24
F(みたい) = 4
F(みゆき) = 2
F(みんな) = 4
F(む) = 12
F(むかし) = 2
F(も) = 190
F(もう) = 4
F(もが) = 2
F(もし) = 3
F(もちろん) = 7
F(もの) = 22
F(もら) = 8
F(もらえ) = 2
F(もん) = 2
F(や) = 61
F(やすらぎ) = 5
F(やはり) = 4
F(ゆで) = 2
F(ゆれ) = 2
F(よ) = 45
F(よう) = 57
F(よく) = 4
F(よし) = 2
F(より) = 8
F(ら) = 51
F(らし) = 6
F(られ) = 26
F(り) = 84
F(る) = 447
F(れ) = 104
F(ろ) = 21
F(わ) = 33
F(わか) = 8
F(わが) = 3
F(わけ) = 3
F(わた) = 2
F(わたし) = 3
F(を) = 456
F(ん) = 66
F(アーバン) = 2
F(アメリカ) = 7
F(イエス) = 3
F(イスラエル) = 6
F(イラク) = 5
F(イラン) = 6
F(インターネット) = 2
F(インド) = 2
F(エピソード) = 2
F(オーダー) = 2
F(オープン) = 3
F(カウント) = 3
F(カラオケ) = 2
F(カ所) = 2
F(キー) = 2
F(キュイジーヌ) = 2
F(キロ) = 4
F(クラブ) = 7
F(クリニック) = 3
F(コース) = 2
F(コップ) = 3
F(ゴ) = 6
F(ゴール) = 2
F(サ) = 3
F(サービス) = 2
F(サウード) = 3
F(サリン) = 5
F(サン) = 6
F(シベリア) = 2
F(シャンパーニュ) = 2
F(ショット) = 2
F(ジェフ) = 2
F(ススメ) = 2
F(スタッフ) = 5
F(スパゲティ) = 3
F(スポーツ) = 2
F(スリクソン) = 2
F(セ) = 2
F(セキュリティ) = 2
F(センター) = 7
F(タイプ) = 5
F(タイヤ) = 4
F(タウン) = 3
F(タグ) = 7
F(ダメ) = 2
F(ダンロップ) = 2
F(チャンス) = 3
F(テスト) = 2
F(テロ) = 3
F(デザート) = 2
F(デフレ) = 3
F(トップ) = 2
F(トヨタ) = 2
F(ドイツ) = 2
F(ドル) = 3
F(ドンピシャ) = 2
F(ヌーヴェル) = 2
F(ネット) = 3
F(ノーベル) = 4
F(ハイ) = 2
F(ハム) = 2
F(ハル) = 3
F(ハロー) = 2
F(バイアスロン) = 2
F(バイエルン) = 2
F(バック) = 2
F(バブル) = 4
F(パキスタン) = 2
F(ビジネス) = 12
F(ビデオ) = 2
F(ピアノ) = 2
F(フランス) = 4
F(プラス) = 2
F(プレ) = 3
F(プロ) = 2
F(プロジェクト) = 2
F(プロセス) = 2
F(ベッド) = 2
F(ベンチャー) = 3
F(ホーム) = 7
F(ボール) = 2
F(ボキューズ) = 3
F(ボックス) = 3
F(ボランティア) = 2
F(ボワイエ) = 2
F(ポイント) = 3
F(マイナス) = 6
F(マザー) = 3
F(マニュアル) = 2
F(マンション) = 5
F(マンモス) = 5
F(ミーティング) = 2
F(ミサイル) = 11
F(ミス) = 2
F(メーカー) = 2
F(メートル) = 2
F(メール) = 4
F(メイン) = 2
F(メソッド) = 4
F(メルマネ) = 2
F(メンバー) = 2
F(モデル) = 10
F(モン太) = 2
F(ヨット) = 3
F(ラスト) = 2
F(ラン) = 5
F(ランス) = 2
F(リハビリテーション) = 3
F(ルーマニア) = 3
F(レストラン) = 4
F(ロペス) = 2
F(ワーク) = 2
F(ワード) = 2
F(ワゴン) = 3
F() = 2
F(愛) = 5
F(愛知) = 2
F(悪) = 2
F(宛) = 3
F(宛て) = 2
F(安易) = 2
F(安価) = 2
F(安心) = 3
F(案) = 6
F(以下) = 5
F(以外) = 4
F(以降) = 3
F(以上) = 9
F(位) = 2
F(委員) = 5
F(意味) = 7
F(意欲) = 3
F(為) = 3
F(異な) = 2
F(移行) = 2
F(移譲) = 2
F(移転) = 3
F(違) = 7
F(違い) = 6
F(違反) = 3
F(医療) = 5
F(育て) = 2
F(一) = 43
F(一時) = 2
F(一緒) = 3
F(一致) = 2
F(一定) = 2
F(一杯) = 2
F(一般) = 3
F(一番) = 7
F(一部) = 4
F(一方) = 6
F(員) = 3
F(因子) = 2
F(引) = 2
F(宇宙) = 2
F(雨) = 3
F(運搬) = 2
F(雲仙) = 2
F(営業) = 9
F(営利) = 4
F(影響) = 5
F(栄光) = 2
F(泳) = 3
F(衛生) = 3
F(液体) = 3
F(駅) = 3
F(越境) = 3
F(円) = 16
F(延期) = 2
F(援助) = 2
F(沖) = 2
F(下) = 2
F(下さ) = 3
F(下回) = 2
F(下方) = 2
F(化) = 14
F(化学) = 4
F(何) = 14
F(加わ) = 2
F(可能) = 7
F(夏) = 3
F(家) = 10
F(家族) = 3
F(科学) = 4
F(歌) = 3
F(歌詞) = 2
F(課) = 3
F(課題) = 4
F(我が) = 2
F(会) = 17
F(会社) = 2
F(解消) = 2
F(回) = 9
F(回答) = 5
F(回復) = 2
F(改革) = 9
F(改善) = 3
F(改組) = 2
F(改訂) = 4
F(海) = 4
F(海外) = 4
F(開) = 4
F(開始) = 3
F(開発) = 7
F(外) = 2
F(外交) = 2
F(外国) = 4
F(該当) = 2
F(各) = 2
F(各種) = 2
F(拡散) = 4
F(拡充) = 2
F(確か) = 3
F(確認) = 2
F(覚せい) = 3
F(隔離) = 2
F(学) = 15
F(学校) = 2
F(楽) = 2
F(楽し) = 2
F(割) = 8
F(割れ) = 2
F(割合) = 3
F(活動) = 10
F(活用) = 2
F(滑) = 2
F(株) = 3
F(株式) = 5
F(釜山) = 2
F(勧告) = 3
F(患者) = 7
F(感) = 11
F(感じ) = 5
F(慣用) = 3
F(環境) = 14
F(監査) = 3
F(管理) = 3
F(簡単) = 2
F(観客) = 3
F(観光) = 3
F(間) = 7
F(間違い) = 4
F(関) = 8
F(関係) = 7
F(関西) = 2
F(関与) = 2
F(関連) = 2
F(陥) = 2
F(含) = 7
F(含め) = 3
F(岩) = 2
F(頑張) = 2
F(顔) = 3
F(願) = 4
F(企業) = 24
F(危険) = 2
F(基づ) = 2
F(基地) = 4
F(基本) = 6
F(期) = 5
F(期間) = 4
F(機) = 3
F(機運) = 3
F(機会) = 3
F(機関) = 5
F(機構) = 2
F(機材) = 2
F(機能) = 3
F(帰) = 3
F(気) = 9
F(気持ち) = 4
F(規制) = 2
F(規定) = 3
F(規模) = 2
F(記録) = 2
F(起こ) = 4
F(騎馬) = 3
F(偽装) = 6
F(偽造) = 2
F(技術) = 6
F(疑問) = 2
F(議会) = 2
F(議論) = 2
F(客) = 4
F(逆) = 4
F(及び) = 7
F(急) = 2
F(求め) = 6
F(牛肉) = 3
F(距離) = 2
F(魚) = 3
F(京都) = 2
F(供養) = 2
F(競技) = 2
F(共同) = 3
F(協力) = 4
F(強) = 9
F(強度) = 4
F(強力) = 2
F(恐れ) = 3
F(教え) = 7
F(教育) = 6
F(教授) = 4
F(教団) = 2
F(狭) = 2
F(興味) = 2
F(局) = 2
F(局面) = 2
F(曲) = 4
F(禁止) = 3
F(筋) = 3
F(近) = 2
F(近く) = 3
F(近所) = 3
F(金) = 10
F(金融) = 5
F(銀行) = 5
F(銀座) = 2
F(九) = 19
F(九十) = 11
F(九百) = 5
F(句) = 4
F(区) = 12
F(区域) = 2
F(具) = 2
F(具合) = 2
F(具体) = 3
F(偶然) = 2
F(君) = 2
F(訓練) = 2
F(刑法) = 3
F(型) = 8
F(契約) = 3
F(恵まれ) = 2
F(掲示) = 6
F(携帯) = 8
F(経営) = 2
F(経験) = 4
F(経済) = 23
F(計画) = 2
F(警戒) = 2
F(迎え) = 2
F(激し) = 2
F(激震) = 2
F(激動) = 2
F(決して) = 2
F(結果) = 6
F(結局) = 6
F(結構) = 2
F(結婚) = 8
F(月) = 29
F(件) = 2
F(健康) = 8
F(圏) = 2
F(建て) = 2
F(建て替え) = 2
F(建設) = 2
F(検挙) = 3
F(検察) = 4
F(検証) = 2
F(権威) = 2
F(犬) = 5
F(献金) = 4
F(研究) = 8
F(県) = 9
F(見) = 25
F(見え) = 7
F(見直し) = 2
F(見当) = 2
F(元) = 2
F(元気) = 3
F(原野) = 2
F(厳し) = 3
F(減) = 8
F(減少) = 5
F(現在) = 8
F(現場) = 3
F(現状) = 2
F(現代) = 3
F(言) = 25
F(言語) = 3
F(言葉) = 6
F(限) = 2
F(限り) = 3
F(限定) = 2
F(個人) = 5
F(呼) = 4
F(戸数) = 3
F(故郷) = 2
F(雇用) = 13
F(五) = 33
F(五十) = 11
F(五千) = 6
F(五百) = 4
F(午後) = 6
F(午前) = 3
F(後) = 8
F(後ろめた) = 2
F(後半) = 3
F(交渉) = 4
F(交通) = 2
F(光) = 2
F(公共) = 3
F(公式) = 2
F(公判) = 2
F(公表) = 2
F(向け) = 4
F(向こう) = 2
F(好調) = 2
F(工業) = 2
F(工事) = 2
F(広) = 3
F(広が) = 2
F(控訴) = 3
F(攻撃) = 3
F(更新) = 3
F(構え) = 2
F(構造) = 3
F(甲南) = 2
F(綱) = 2
F(綱引き) = 6
F(考え) = 14
F(行) = 38
F(行為) = 2
F(講演) = 2
F(鉱工業) = 2
F(高) = 14
F(高級) = 2
F(高校) = 3
F(高裁) = 2
F(高値) = 3
F(高度) = 3
F(号) = 4
F(合) = 2
F(合わせ) = 2
F(合格) = 4
F(国) = 13
F(国家) = 2
F(国語) = 7
F(国際) = 6
F(国土) = 3
F(国立) = 2
F(国連) = 7
F(今) = 10
F(今回) = 2
F(今後) = 8
F(今日) = 2
F(今年) = 5
F(困難) = 2
F(左) = 2
F(差) = 3
F(債権) = 3
F(再) = 2
F(再開) = 2
F(最も) = 3
F(最悪) = 2
F(最近) = 3
F(最高) = 3
F(最終) = 2
F(妻) = 4
F(済み) = 2
F(剤) = 4
F(材料) = 2
F(罪) = 4
F(作) = 4
F(作り) = 2
F(作家) = 2
F(作成) = 2
F(作用) = 2
F(削減) = 2
F(昨日) = 3
F(昨年) = 3
F(策) = 4
F(撮影) = 2
F(三) = 26
F(三十) = 19
F(三千) = 2
F(三百) = 5
F(参加) = 3
F(山) = 2
F(山県) = 2
F(山陽) = 3
F(産業) = 3
F(残) = 6
F(仕事) = 7
F(仕組み) = 2
F(使) = 16
F(使え) = 8
F(使用) = 6
F(史) = 2
F(四) = 33
F(四十) = 21
F(四千) = 2
F(四百) = 6
F(士) = 3
F(始め) = 2
F(姿) = 4
F(子) = 7
F(子ども) = 12
F(市) = 15
F(市場) = 6
F(思) = 22
F(指示) = 2
F(指数) = 4
F(指定) = 2
F(指摘) = 2
F(指導) = 4
F(支援) = 19
F(支持) = 4
F(支所) = 3
F(施設) = 2
F(私) = 18
F(視) = 3
F(試験) = 2
F(歯科) = 3
F(事) = 2
F(事業) = 14
F(事件) = 4
F(事実) = 3
F(事前) = 3
F(事犯) = 3
F(事務) = 6
F(字) = 4
F(持) = 7
F(時) = 24
F(時間) = 5
F(時期) = 5
F(時代) = 5
F(次) = 6
F(次第) = 2
F(示) = 2
F(自己) = 2
F(自治) = 5
F(自主) = 8
F(自身) = 4
F(自然) = 2
F(自体) = 3
F(自動) = 3
F(自分) = 20
F(自民) = 2
F(自由) = 9
F(七) = 28
F(七十) = 9
F(七百) = 2
F(執筆) = 2
F(失) = 2
F(失敗) = 4
F(室) = 3
F(疾病) = 3
F(質問) = 2
F(実) = 4
F(実感) = 2
F(実験) = 2
F(実効) = 2
F(実行) = 4
F(実際) = 9
F(実施) = 4
F(実績) = 4
F(斜面) = 3
F(社) = 5
F(社会) = 13
F(社長) = 4
F(者) = 56
F(車) = 10
F(若) = 3
F(主) = 7
F(主権) = 2
F(主人) = 2
F(主導) = 2
F(取材) = 6
F(取組) = 2
F(取締り) = 2
F(取得) = 2
F(守) = 3
F(手) = 7
F(手数) = 3
F(手段) = 3
F(手伝い) = 3
F(種) = 2
F(酒) = 3
F(首相) = 9
F(首都) = 2
F(受け) = 4
F(受け入れ) = 3
F(受注) = 2
F(収入) = 4
F(周囲) = 3
F(修正) = 4
F(秀吉) = 2
F(終了) = 2
F(臭い) = 3
F(衆院) = 2
F(住居) = 2
F(住宅) = 2
F(住民) = 6
F(十) = 60
F(従属) = 2
F(重) = 2
F(重要) = 4
F(出) = 10
F(出かけ) = 2
F(出せ) = 2
F(出荷) = 2
F(出席) = 2
F(出来) = 2
F(述べ) = 2
F(準備) = 3
F(巡査) = 3
F(処理) = 6
F(初期) = 2
F(初盆) = 3
F(所) = 7
F(署) = 2
F(書) = 9
F(書け) = 2
F(助言) = 4
F(女) = 2
F(女子) = 2
F(女性) = 8
F(商品) = 3
F(小) = 6
F(小型) = 2
F(小山) = 2
F(小林) = 2
F(少し) = 2
F(少な) = 2
F(昌景) = 2
F(昭和) = 3
F(松本) = 3
F(消え) = 5
F(消費) = 2
F(症) = 4
F(省) = 4
F(章) = 3
F(証拠) = 3
F(証券) = 2
F(証明) = 2
F(詳し) = 2
F(賞) = 6
F(障害) = 22
F(上) = 10
F(上が) = 4
F(上回) = 4
F(上京) = 2
F(上昇) = 2
F(場) = 2
F(場合) = 11
F(場所) = 4
F(場面) = 2
F(常) = 3
F(情報) = 9
F(条件) = 4
F(状況) = 5
F(職員) = 2
F(職業) = 11
F(職場) = 4
F(色) = 2
F(触) = 3
F(食べ) = 5
F(信太) = 2
F(信任) = 2
F(審) = 5
F(審議) = 5
F(心理) = 2
F(振込) = 4
F(新) = 6
F(新し) = 5
F(新た) = 4
F(新聞) = 4
F(森) = 5
F(森林) = 5
F(深) = 2
F(申し訳) = 2
F(真実) = 3
F(真木) = 2
F(神戸) = 3
F(親戚) = 2
F(診) = 2
F(診療) = 2
F(身の回り) = 2
F(身近) = 2
F(身分) = 2
F(進) = 2
F(進め) = 2
F(進出) = 3
F(人) = 73
F(人間) = 6
F(人気) = 2
F(人魚) = 2
F(図) = 5
F(推定) = 2
F(水準) = 4
F(数) = 20
F(数十) = 3
F(世界) = 7
F(世紀) = 2
F(世代) = 2
F(世話) = 2
F(是正) = 2
F(制限) = 3
F(制度) = 9
F(制約) = 2
F(勢) = 2
F(性) = 9
F(成績) = 2
F(成長) = 11
F(政策) = 3
F(政治) = 7
F(政府) = 11
F(正) = 2
F(正常) = 2
F(生) = 4
F(生まれ) = 2
F(生活) = 9
F(生物) = 6
F(生命) = 2
F(精神) = 7
F(声) = 7
F(製造) = 3
F(製品) = 3
F(席) = 2
F(昔) = 2
F(切) = 3
F(設け) = 3
F(設置) = 5
F(設定) = 3
F(設備) = 2
F(説得) = 4
F(説明) = 3
F(絶滅) = 3
F(先) = 6
F(先進) = 2
F(先生) = 3
F(千) = 9
F(占め) = 2
F(専門) = 9
F(川底) = 3
F(戦後) = 5
F(線) = 4
F(船) = 2
F(選) = 4
F(選管) = 5
F(選挙) = 2
F(選択) = 3
F(前) = 14
F(前年) = 7
F(全) = 3
F(全く) = 3
F(全国) = 12
F(全体) = 5
F(全部) = 3
F(措置) = 2
F(素材) = 2
F(組織) = 16
F(訴え) = 4
F(創造) = 2
F(想像) = 3
F(操作) = 2
F(相互) = 2
F(相手) = 5
F(相談) = 6
F(総) = 2
F(総合) = 2
F(総長) = 2
F(送) = 2
F(送金) = 2
F(増) = 7
F(増加) = 2
F(足) = 2
F(足軽) = 3
F(速報) = 2
F(続) = 3
F(続け) = 3
F(存在) = 3
F(村) = 3
F(他) = 4
F(他行) = 3
F(多) = 13
F(多く) = 4
F(多数) = 2
F(多様) = 4
F(打) = 6
F(体) = 7
F(体系) = 2
F(体験) = 2
F(対) = 21
F(対応) = 3
F(対策) = 2
F(対称) = 2
F(対象) = 3
F(耐震) = 2
F(待) = 4
F(退陣) = 2
F(逮捕) = 2
F(代) = 18
F(台) = 2
F(大) = 10
F(大き) = 2
F(大きな) = 3
F(大した) = 2
F(大会) = 2
F(大学) = 9
F(大阪) = 9
F(大手) = 5
F(大賞) = 2
F(大臣) = 2
F(大半) = 2
F(大陸) = 5
F(大量) = 3
F(第) = 14
F(達) = 2
F(誰) = 2
F(担当) = 4
F(短) = 2
F(短期) = 3
F(鍛え) = 4
F(団) = 5
F(弾道) = 8
F(段) = 2
F(男) = 4
F(男女) = 2
F(男性) = 5
F(値) = 4
F(知) = 8
F(知れ) = 2
F(知識) = 7
F(地域) = 13
F(地球) = 2
F(地区) = 4
F(地元) = 4
F(地方) = 6
F(智寛) = 2
F(竹原) = 2
F(着物) = 3
F(中) = 27
F(中央) = 2
F(中間) = 3
F(中堅) = 2
F(中国) = 3
F(中心) = 6
F(中島) = 2
F(仲間) = 2
F(柱) = 2
F(著書) = 2
F(庁) = 6
F(懲役) = 2
F(朝鮮) = 4
F(町) = 11
F(眺め) = 2
F(調べ) = 2
F(調査) = 6
F(調整) = 8
F(超え) = 2
F(長) = 14
F(鳥肌) = 2
F(直接) = 2
F(直前) = 2
F(珍し) = 2
F(珍重) = 3
F(通) = 3
F(通り) = 4
F(通常) = 5
F(低) = 5
F(定め) = 2
F(定員) = 2
F(定着) = 2
F(提供) = 7
F(提出) = 3
F(程) = 2
F(程度) = 3
F(訂正) = 2
F(的) = 52
F(店) = 9
F(店舗) = 3
F(添え) = 2
F(点) = 2
F(点検) = 2
F(伝統) = 2
F(電車) = 3
F(電波) = 2
F(電話) = 4
F(吐) = 2
F(渡) = 2
F(登場) = 3
F(登録) = 5
F(都) = 5
F(度) = 7
F(土砂) = 5
F(土地) = 2
F(党) = 4
F(冬) = 3
F(島) = 3
F(島嶼) = 2
F(投資) = 5
F(投票) = 11
F(東京) = 8
F(棟) = 3
F(当時) = 3
F(当初) = 4
F(当然) = 3
F(等) = 22
F(答え) = 3
F(頭) = 3
F(働) = 5
F(動産) = 2
F(同) = 12
F(同じ) = 12
F(同行) = 2
F(同市) = 5
F(同時) = 2
F(導入) = 3
F(道) = 2
F(得) = 9
F(特に) = 3
F(独断) = 3
F(突然) = 2
F(内) = 7
F(内閣) = 3
F(内容) = 3
F(南山) = 2
F(二) = 29
F(二十) = 45
F(二千) = 12
F(二百) = 5
F(日) = 38
F(日間) = 2
F(日常) = 2
F(日朝) = 3
F(日程) = 2
F(日本) = 32
F(入) = 7
F(認知) = 2
F(熱) = 2
F(年) = 62
F(年収) = 5
F(年代) = 2
F(年度) = 12
F(悩み) = 2
F(納付) = 2
F(能力) = 2
F(派) = 3
F(破壊) = 3
F(馬) = 3
F(背景) = 2
F(配慮) = 2
F(買) = 3
F(買い) = 2
F(爆発) = 2
F(八) = 15
F(八十) = 10
F(八百) = 4
F(発射) = 3
F(発足) = 2
F(発売) = 3
F(発表) = 2
F(伴) = 2
F(判決) = 4
F(半) = 2
F(半分) = 3
F(反) = 5
F(反対) = 2
F(板) = 3
F(犯) = 3
F(犯罪) = 2
F(範囲) = 3
F(彼) = 8
F(彼女) = 3
F(批評) = 2
F(比) = 4
F(比べ) = 4
F(比較) = 5
F(被告) = 7
F(費) = 2
F(非) = 3
F(飛) = 2
F(備え) = 2
F(備考) = 2
F(必要) = 6
F(百) = 10
F(票) = 3
F(表) = 5
F(表現) = 3
F(表示) = 4
F(評価) = 3
F(病) = 2
F(病院) = 9
F(不) = 11
F(不安) = 4
F(不在) = 4
F(不足) = 4
F(不良) = 3
F(夫) = 2
F(府) = 3
F(浮か) = 3
F(父) = 2
F(負担) = 3
F(武者) = 3
F(部) = 4
F(部分) = 7
F(風) = 5
F(風土) = 2
F(福祉) = 5
F(福島) = 3
F(腹) = 4
F(物) = 5
F(物質) = 2
F(分) = 8
F(分か) = 3
F(分譲) = 2
F(分野) = 6
F(噴火) = 2
F(噴霧) = 2
F(文) = 2
F(文化) = 8
F(文学) = 7
F(文字) = 5
F(文書) = 2
F(文藝) = 2
F(聞) = 6
F(兵器) = 12
F(兵庫) = 2
F(平均) = 2
F(平成) = 7
F(米) = 4
F(米軍) = 2
F(米国) = 7
F(別) = 4
F(変え) = 2
F(変化) = 5
F(変数) = 2
F(編) = 3
F(便利) = 2
F(保険) = 3
F(保証) = 2
F(保存) = 3
F(保有) = 5
F(歩) = 4
F(補助) = 2
F(暮らし) = 2
F(包括) = 4
F(報告) = 9
F(報道) = 2
F(宝石) = 3
F(方) = 16
F(方向) = 4
F(方式) = 2
F(方針) = 2
F(方法) = 3
F(法政) = 2
F(亡くな) = 3
F(望) = 2
F(膨大) = 2
F(防災) = 9
F(防止) = 3
F(北) = 3
F(北朝鮮) = 3
F(僕) = 2
F(本) = 10
F(本体) = 6
F(本土) = 2
F(盆) = 3
F(魔法) = 2
F(末) = 5
F(万) = 25
F(満足) = 4
F(密売) = 8
F(湊) = 2
F(民間) = 7
F(夢) = 2
F(無) = 5
F(無料) = 4
F(名古屋) = 2
F(名前) = 5
F(名目) = 2
F(明らか) = 5
F(明る) = 2
F(明石) = 4
F(銘柄) = 2
F(面) = 7
F(木) = 3
F(木材) = 7
F(木村) = 2
F(目) = 9
F(目指) = 2
F(目的) = 3
F(戻) = 2
F(問) = 6
F(問題) = 13
F(夜) = 4
F(野党) = 2
F(矢印) = 2
F(役) = 4
F(役割) = 4
F(約) = 11
F(薬物) = 3
F(輸出) = 3
F(輸入) = 2
F(有) = 2
F(有効) = 2
F(有力) = 2
F(予約) = 2
F(与え) = 4
F(容易) = 3
F(容疑) = 6
F(様) = 7
F(様々) = 3
F(熔か) = 2
F(用い) = 2
F(用意) = 2
F(用賀) = 2
F(要素) = 3
F(抑制) = 3
F(欲し) = 2
F(来) = 5
F(来日) = 2
F(来年) = 2
F(利点) = 3
F(利用) = 5
F(理解) = 4
F(理由) = 2
F(離婚) = 3
F(率) = 15
F(立) = 4
F(立て) = 2
F(流れ) = 6
F(粒子) = 7
F(料) = 4
F(料金) = 2
F(料理) = 5
F(良) = 3
F(量) = 4
F(量産) = 2
F(領域) = 3
F(力) = 5
F(類) = 3
F(例) = 4
F(例えば) = 2
F(鈴木) = 2
F(零細) = 3
F(歴史) = 4
F(恋愛) = 2
F(連れ) = 2
F(連携) = 2
F(連覇) = 2
F(連絡) = 4
F(労働) = 2
F(六) = 26
F(六十) = 11
F(麓) = 2
F(論) = 6
F(論文) = 5
F(倭館) = 3
F(話) = 12
F(話題) = 3
F(梃) = 3
F(齋藤) = 2
$DATran の生成
1276[KB]
辞書検索の実験
男女雇用機会均等法を迎え就職する。
男(   4)
男女(   2)
  女(   2)
    雇用(  13)
        機(   3)
        機会(   3)
          会(  17)
              等(  22)
                  を( 456)
                    迎え(   2)
                      え(  10)
                            す( 159)
                            する( 113)
                              る( 447)
                                。( 652)
Done
